WARNING: A restricted method in java.lang.System has been called
WARNING: java.lang.System::load has been called by net.rubygrapefruit.platform.internal.NativeLibraryLoader in an unnamed module (file:/Users/mariofernandez/.gradle/wrapper/dists/gradle-8.6-all/3mbtmo166bl6vumsh5k2lkq5h/gradle-8.6/lib/native-platform-0.22-milestone-25.jar)
WARNING: Use --enable-native-access=ALL-UNNAMED to avoid a warning for callers in this module
WARNING: Restricted methods will be blocked in a future release unless native access is enabled

Starting a Gradle Daemon, 1 busy and 2 stopped Daemons could not be reused, use --status for details

> Configure project :data
w: The Default Kotlin Hierarchy Template was not applied to 'project ':data'':
Explicit .dependsOn() edges were configured for the following source sets:
[iosArm64Main, iosMain, iosSimulatorArm64Main]

Consider removing dependsOn-calls or disabling the default template by adding
    'kotlin.mpp.applyDefaultHierarchyTemplate=false'
to your gradle.properties

Learn more about hierarchy templates: https://kotl.in/hierarchy-template


> Configure project :shared
w: The Default Kotlin Hierarchy Template was not applied to 'project ':shared'':
Explicit .dependsOn() edges were configured for the following source sets:
[iosArm64Main, iosMain, iosSimulatorArm64Main]

Consider removing dependsOn-calls or disabling the default template by adding
    'kotlin.mpp.applyDefaultHierarchyTemplate=false'
to your gradle.properties

Learn more about hierarchy templates: https://kotl.in/hierarchy-template


> Task :data:checkKotlinGradlePluginConfigurationErrors
> Task :data:generateCommonMainAppDatabaseInterface UP-TO-DATE
> Task :shared:checkKotlinGradlePluginConfigurationErrors
> Task :shared:compileKotlinDesktop UP-TO-DATE
> Task :shared:desktopProcessResources NO-SOURCE
> Task :shared:desktopMainClasses UP-TO-DATE
> Task :shared:desktopJar UP-TO-DATE
> Task :data:compileKotlinDesktop UP-TO-DATE
> Task :data:desktopProcessResources NO-SOURCE
> Task :data:desktopMainClasses UP-TO-DATE
> Task :data:desktopJar UP-TO-DATE
> Task :desktopApp:checkKotlinGradlePluginConfigurationErrors
> Task :desktopApp:generateComposeResClass UP-TO-DATE
> Task :desktopApp:convertXmlValueResourcesForMain NO-SOURCE
> Task :desktopApp:copyNonXmlValueResourcesForMain NO-SOURCE
> Task :desktopApp:prepareComposeResourcesTaskForMain NO-SOURCE
> Task :desktopApp:generateResourceAccessorsForMain NO-SOURCE
> Task :desktopApp:compileKotlin UP-TO-DATE
> Task :desktopApp:compileJava NO-SOURCE
> Task :desktopApp:processResources NO-SOURCE
> Task :desktopApp:classes UP-TO-DATE
> Task :desktopApp:jar UP-TO-DATE
> Task :desktopApp:prepareAppResources NO-SOURCE

> Task :desktopApp:run
SLF4J: Failed to load class "org.slf4j.impl.StaticLoggerBinder".
SLF4J: Defaulting to no-operation (NOP) logger implementation
SLF4J: See http://www.slf4j.org/codes.html#StaticLoggerBinder for further details.
